2020-12-09 10:48:14,975 INFO o.a.j.u.JMeterUtils: Setting Locale to en_EN
2020-12-09 10:48:15,011 INFO o.a.j.JMeter: Loading user properties from: /home/pedro/Code/csdegree/4rd year/SDB/guiao7/apache-jmeter-5.4/bin/user.properties
2020-12-09 10:48:15,012 INFO o.a.j.JMeter: Loading system properties from: /home/pedro/Code/csdegree/4rd year/SDB/guiao7/apache-jmeter-5.4/bin/system.properties
2020-12-09 10:48:15,022 INFO o.a.j.JMeter: Copyright (c) 1998-2020 The Apache Software Foundation
2020-12-09 10:48:15,022 INFO o.a.j.JMeter: Version 5.4
2020-12-09 10:48:15,022 INFO o.a.j.JMeter: java.version=11
2020-12-09 10:48:15,022 INFO o.a.j.JMeter: java.vm.name=OpenJDK 64-Bit Server VM
2020-12-09 10:48:15,022 INFO o.a.j.JMeter: os.name=Linux
2020-12-09 10:48:15,022 INFO o.a.j.JMeter: os.arch=amd64
2020-12-09 10:48:15,023 INFO o.a.j.JMeter: os.version=5.4.0-56-generic
2020-12-09 10:48:15,023 INFO o.a.j.JMeter: file.encoding=UTF-8
2020-12-09 10:48:15,023 INFO o.a.j.JMeter: java.awt.headless=true
2020-12-09 10:48:15,023 INFO o.a.j.JMeter: Max memory     =1073741824
2020-12-09 10:48:15,023 INFO o.a.j.JMeter: Available Processors =8
2020-12-09 10:48:15,037 INFO o.a.j.JMeter: Default Locale=English (EN)
2020-12-09 10:48:15,038 INFO o.a.j.JMeter: JMeter  Locale=English (EN)
2020-12-09 10:48:15,038 INFO o.a.j.JMeter: JMeterHome=/home/pedro/Code/csdegree/4rd year/SDB/guiao7/apache-jmeter-5.4
2020-12-09 10:48:15,038 INFO o.a.j.JMeter: user.dir  =/home/pedro/Code/csdegree/4rd year/SDB/guiao7/apache-jmeter-5.4
2020-12-09 10:48:15,038 INFO o.a.j.JMeter: PWD       =/home/pedro/Code/csdegree/4rd year/SDB/guiao7/apache-jmeter-5.4
2020-12-09 10:48:15,039 INFO o.a.j.JMeter: IP: 127.0.1.1 Name: ideapad FullName: ideapad
2020-12-09 10:48:15,039 INFO o.a.j.JMeter: Set proxy Host: localhost, Port: 8000, Scheme: Not set
2020-12-09 10:48:15,048 INFO o.a.j.s.FileServer: Default base='/home/pedro/Code/csdegree/4rd year/SDB/guiao7/apache-jmeter-5.4'
2020-12-09 10:48:15,049 INFO o.a.j.s.FileServer: Set new base='/home/pedro/Code/csdegree/4rd year/SDB/guiao7/apache-jmeter-5.4/..'
2020-12-09 10:48:15,269 INFO o.a.j.s.SaveService: Testplan (JMX) version: 2.2. Testlog (JTL) version: 2.2
2020-12-09 10:48:15,298 INFO o.a.j.s.SaveService: Using SaveService properties version 5.0
2020-12-09 10:48:15,304 INFO o.a.j.s.SaveService: Using SaveService properties file encoding UTF-8
2020-12-09 10:48:15,309 INFO o.a.j.s.SaveService: Loading file: ../guiao7.jmx
2020-12-09 10:48:15,382 INFO o.a.j.p.h.s.HTTPSamplerBase: Parser for text/html is org.apache.jmeter.protocol.http.parser.LagartoBasedHtmlParser
2020-12-09 10:48:15,382 INFO o.a.j.p.h.s.HTTPSamplerBase: Parser for application/xhtml+xml is org.apache.jmeter.protocol.http.parser.LagartoBasedHtmlParser
2020-12-09 10:48:15,382 INFO o.a.j.p.h.s.HTTPSamplerBase: Parser for application/xml is org.apache.jmeter.protocol.http.parser.LagartoBasedHtmlParser
2020-12-09 10:48:15,382 INFO o.a.j.p.h.s.HTTPSamplerBase: Parser for text/xml is org.apache.jmeter.protocol.http.parser.LagartoBasedHtmlParser
2020-12-09 10:48:15,383 INFO o.a.j.p.h.s.HTTPSamplerBase: Parser for text/vnd.wap.wml is org.apache.jmeter.protocol.http.parser.RegexpHTMLParser
2020-12-09 10:48:15,383 INFO o.a.j.p.h.s.HTTPSamplerBase: Parser for text/css is org.apache.jmeter.protocol.http.parser.CssParser
2020-12-09 10:48:15,421 INFO o.a.j.JMeter: Creating summariser <summary>
2020-12-09 10:48:15,430 INFO o.a.j.e.StandardJMeterEngine: Running the test!
2020-12-09 10:48:15,432 INFO o.a.j.s.SampleEvent: List of sample_variables: []
2020-12-09 10:48:15,432 INFO o.a.j.s.SampleEvent: List of sample_variables: []
2020-12-09 10:48:15,450 INFO o.a.j.e.u.CompoundVariable: Note: Function class names must contain the string: '.functions.'
2020-12-09 10:48:15,450 INFO o.a.j.e.u.CompoundVariable: Note: Function class names must not contain the string: '.gui.'
2020-12-09 10:48:15,925 INFO o.a.j.JMeter: Running test (1607510895924)
2020-12-09 10:48:15,979 INFO o.a.j.e.StandardJMeterEngine: Starting ThreadGroup: 1 : Thread Group
2020-12-09 10:48:15,979 INFO o.a.j.e.StandardJMeterEngine: Starting 10 threads for group Thread Group.
2020-12-09 10:48:15,979 INFO o.a.j.e.StandardJMeterEngine: Thread will continue on error
2020-12-09 10:48:15,980 INFO o.a.j.t.ThreadGroup: Starting thread group... number=1 threads=10 ramp-up=1 delayedStart=false
2020-12-09 10:48:15,994 INFO o.a.j.t.JMeterThread: Thread started: Thread Group 1-1
2020-12-09 10:48:15,997 INFO o.a.j.t.ThreadGroup: Started thread group number 1
2020-12-09 10:48:15,997 INFO o.a.j.e.StandardJMeterEngine: All thread groups have been started
2020-12-09 10:48:16,022 INFO o.a.j.p.h.s.HTTPHCAbstractImpl: Local host = ideapad
2020-12-09 10:48:16,033 INFO o.a.j.p.h.s.HTTPHC4Impl: HTTP request retry count = 0
2020-12-09 10:48:16,035 INFO o.a.j.s.SampleResult: Note: Sample TimeStamps are START times
2020-12-09 10:48:16,035 INFO o.a.j.s.SampleResult: sampleresult.default.encoding is set to ISO-8859-1
2020-12-09 10:48:16,035 INFO o.a.j.s.SampleResult: sampleresult.useNanoTime=true
2020-12-09 10:48:16,035 INFO o.a.j.s.SampleResult: sampleresult.nanoThreadSleep=5000
2020-12-09 10:48:16,087 INFO o.a.j.t.JMeterThread: Thread started: Thread Group 1-2
2020-12-09 10:48:16,184 INFO o.a.j.t.JMeterThread: Thread started: Thread Group 1-3
2020-12-09 10:48:16,284 INFO o.a.j.t.JMeterThread: Thread started: Thread Group 1-4
2020-12-09 10:48:16,383 INFO o.a.j.t.JMeterThread: Thread started: Thread Group 1-5
2020-12-09 10:48:16,483 INFO o.a.j.t.JMeterThread: Thread started: Thread Group 1-6
2020-12-09 10:48:16,584 INFO o.a.j.t.JMeterThread: Thread started: Thread Group 1-7
2020-12-09 10:48:16,683 INFO o.a.j.t.JMeterThread: Thread started: Thread Group 1-8
2020-12-09 10:48:16,783 INFO o.a.j.t.JMeterThread: Thread started: Thread Group 1-9
2020-12-09 10:48:16,883 INFO o.a.j.t.JMeterThread: Thread started: Thread Group 1-10
2020-12-09 10:48:30,035 INFO o.a.j.r.Summariser: summary +    678 in 00:00:14 =   48.1/s Avg:   197 Min:   102 Max:   248 Err:     0 (0.00%) Active: 10 Started: 10 Finished: 0
2020-12-09 10:49:00,039 INFO o.a.j.r.Summariser: summary +   1490 in 00:00:30 =   49.7/s Avg:   201 Min:   155 Max:   249 Err:     0 (0.00%) Active: 10 Started: 10 Finished: 0
2020-12-09 10:49:00,041 INFO o.a.j.r.Summariser: summary =   2168 in 00:00:44 =   49.1/s Avg:   200 Min:   102 Max:   249 Err:     0 (0.00%)
2020-12-09 10:49:01,847 INFO o.a.j.r.ResultCollector: Shutdown hook started
2020-12-09 10:49:01,851 INFO o.a.j.r.ResultCollector: Shutdown hook ended
