This is pdfTeX, Version 3.14159265-2.6-1.40.19 (TeX Live 2018/Arch Linux) (preloaded format=pdflatex 2019.3.7)  10 MAR 2019 01:08
entering extended mode
 restricted \write18 enabled.
 %&-line parsing enabled.
**ficha1.tex
(./ficha1.tex
LaTeX2e <2018-12-01>
(/usr/share/texmf-dist/tex/latex/base/article.cls
Document Class: article 2018/09/03 v1.4i Standard LaTeX document class
(/usr/share/texmf-dist/tex/latex/base/size10.clo
File: size10.clo 2018/09/03 v1.4i Standard LaTeX file (size option)
)
\c@part=\count80
\c@section=\count81
\c@subsection=\count82
\c@subsubsection=\count83
\c@paragraph=\count84
\c@subparagraph=\count85
\c@figure=\count86
\c@table=\count87
\abovecaptionskip=\skip41
\belowcaptionskip=\skip42
\bibindent=\dimen102
)
(/usr/share/texmf-dist/tex/latex/amsmath/amstext.sty
Package: amstext 2000/06/29 v2.01 AMS text

(/usr/share/texmf-dist/tex/latex/amsmath/amsgen.sty
File: amsgen.sty 1999/11/30 v2.0 generic functions
\@emptytoks=\toks14
\ex@=\dimen103
))
(/usr/share/texmf-dist/tex/latex/amsfonts/amssymb.sty
Package: amssymb 2013/01/14 v3.01 AMS font symbols

(/usr/share/texmf-dist/tex/latex/amsfonts/amsfonts.sty
Package: amsfonts 2013/01/14 v3.01 Basic AMSFonts support
\symAMSa=\mathgroup4
\symAMSb=\mathgroup5
LaTeX Font Info:    Overwriting math alphabet `\mathfrak' in version `bold'
(Font)                  U/euf/m/n --> U/euf/b/n on input line 106.
))

! LaTeX Error: File `stmaryrd.sty' not found.

Type X to quit or <RETURN> to proceed,
or enter new name. (Default extension: sty)

Enter file name: 
(/usr/share/texmf-dist/tex/latex/polytable/polytable.sty
Package: polytable 2013/07/18 v0.8.5 `polytable' package (Andres Loeh)

(/usr/share/texmf-dist/tex/latex/lazylist/lazylist.sty)
(/usr/share/texmf-dist/tex/latex/tools/array.sty
Package: array 2018/12/30 v2.4k Tabular extension package (FMi)
\col@sep=\dimen104
\ar@mcellbox=\box27
\extrarowheight=\dimen105
\NC@list=\toks15
\extratabsurround=\skip43
\backup@length=\skip44
\ar@cellbox=\box28
)
\PT@colwidth=\dimen106
\PT@cols=\count88
\PT@table=\count89
\PT@toks=\toks16
\PT@in=\read1
\PT@out=\write3
)
\mathindent=\dimen107
\blanklineskip=\skip45

(/usr/share/texmf-dist/tex/latex/tools/calc.sty
Package: calc 2017/05/25 v4.3 Infix arithmetic (KKT,FJ)
\calc@Acount=\count90
\calc@Bcount=\count91
\calc@Adimen=\dimen108
\calc@Bdimen=\dimen109
\calc@Askip=\skip46
\calc@Bskip=\skip47
LaTeX Info: Redefining \setlength on input line 80.
LaTeX Info: Redefining \addtolength on input line 81.
\calc@Ccount=\count92
\calc@Cskip=\skip48
)
(/usr/share/texmf-dist/tex/latex/base/inputenc.sty
Package: inputenc 2018/08/11 v1.3c Input encoding file
\inpenc@prehook=\toks17
\inpenc@posthook=\toks18
)
(/usr/share/texmf-dist/tex/generic/babel/babel.sty
Package: babel 2018/11/13 3.27 The Babel package

(/usr/share/texmf-dist/tex/generic/babel/switch.def
File: switch.def 2018/11/13 3.27 Babel switching mechanism
)
(/usr/share/texmf-dist/tex/generic/babel-portuges/portuges.ldf
Language: portuges 2008/03/18 v1.2q Portuguese support from the babel system

(/usr/share/texmf-dist/tex/generic/babel/babel.def
File: babel.def 2018/11/13 3.27 Babel common definitions
\babel@savecnt=\count93
\U@D=\dimen110

(/usr/share/texmf-dist/tex/generic/babel/txtbabel.def)
\bbl@dirlevel=\count94
)
Package babel Info: Making " an active character on input line 145.
)) (./ficha1.aux)
\openout1 = `ficha1.aux'.

LaTeX Font Info:    Checking defaults for OML/cmm/m/it on input line 267.
LaTeX Font Info:    ... okay on input line 267.
LaTeX Font Info:    Checking defaults for T1/cmr/m/n on input line 267.
LaTeX Font Info:    ... okay on input line 267.
LaTeX Font Info:    Checking defaults for OT1/cmr/m/n on input line 267.
LaTeX Font Info:    ... okay on input line 267.
LaTeX Font Info:    Checking defaults for OMS/cmsy/m/n on input line 267.
LaTeX Font Info:    ... okay on input line 267.
LaTeX Font Info:    Checking defaults for OMX/cmex/m/n on input line 267.
LaTeX Font Info:    ... okay on input line 267.
LaTeX Font Info:    Checking defaults for U/cmr/m/n on input line 267.
LaTeX Font Info:    ... okay on input line 267.
LaTeX Font Info:    Try loading font information for U+msa on input line 268.

(/usr/share/texmf-dist/tex/latex/amsfonts/umsa.fd
File: umsa.fd 2013/01/14 v3.01 AMS symbols A
)
LaTeX Font Info:    Try loading font information for U+msb on input line 268.

(/usr/share/texmf-dist/tex/latex/amsfonts/umsb.fd
File: umsb.fd 2013/01/14 v3.01 AMS symbols B
) (./ficha1.toc)
\tf@toc=\write4
\openout4 = `ficha1.toc'.

 [1

{/var/lib/texmf/fonts/map/pdftex/updmap/pdftex.map}]

! LaTeX Error: There's no line here to end.

See the LaTeX manual or LaTeX Companion for explanation.
Type  H <return>  for immediate help.
 ...                                              
                                                  
l.273 \newline
              
? 

Underfull \hbox (badness 10000) in paragraph at lines 274--279

 []


Underfull \hbox (badness 10000) in paragraph at lines 274--279

 []


! LaTeX Error: Bad math environment delimiter.

See the LaTeX manual or LaTeX Companion for explanation.
Type  H <return>  for immediate help.
 ...                                              
                                                  
l.279 \[(f \cdot g) x \)
                         \equiv \(f (g x)\) \equiv \(f (x + 1)\) \equiv \(2 ...

? 

! LaTeX Error: Bad math environment delimiter.

See the LaTeX manual or LaTeX Companion for explanation.
Type  H <return>  for immediate help.
 ...                                              
                                                  
l.279 \[(f \cdot g) x \) \equiv \(
                                  f (g x)\) \equiv \(f (x + 1)\) \equiv \(2 ...

? 

! LaTeX Error: Bad math environment delimiter.

See the LaTeX manual or LaTeX Companion for explanation.
Type  H <return>  for immediate help.
 ...                                              
                                                  
l.279 \[(f \cdot g) x \) \equiv \(f (g x)\)
                                            \equiv \(f (x + 1)\) \equiv \(2 ...

? 

! LaTeX Error: Bad math environment delimiter.

See the LaTeX manual or LaTeX Companion for explanation.
Type  H <return>  for immediate help.
 ...                                              
                                                  
l.279 ...cdot g) x \) \equiv \(f (g x)\) \equiv \(
                                                  f (x + 1)\) \equiv \(2 \ti...

? 

! LaTeX Error: Bad math environment delimiter.

See the LaTeX manual or LaTeX Companion for explanation.
Type  H <return>  for immediate help.
 ...                                              
                                                  
l.279 ...) \equiv \(f (g x)\) \equiv \(f (x + 1)\)
                                                   \equiv \(2 \times (x + 1)...

? 

! LaTeX Error: Bad math environment delimiter.

See the LaTeX manual or LaTeX Companion for explanation.
Type  H <return>  for immediate help.
 ...                                              
                                                  
l.279 ...(f (g x)\) \equiv \(f (x + 1)\) \equiv \(
                                                  2 \times (x + 1)\) \equiv ...

? 

! LaTeX Error: Bad math environment delimiter.

See the LaTeX manual or LaTeX Companion for explanation.
Type  H <return>  for immediate help.
 ...                                              
                                                  
l.279 ...\(f (x + 1)\) \equiv \(2 \times (x + 1)\)
                                                   \equiv \(2 \times x + 2 \...

? 

! LaTeX Error: Bad math environment delimiter.

See the LaTeX manual or LaTeX Companion for explanation.
Type  H <return>  for immediate help.
 ...                                              
                                                  
l.279 ...)\) \equiv \(2 \times (x + 1)\) \equiv \(
                                                  2 \times x + 2 \times 1\) ...

? 

! LaTeX Error: Bad math environment delimiter.

See the LaTeX manual or LaTeX Companion for explanation.
Type  H <return>  for immediate help.
 ...                                              
                                                  
l.279 ...+ 1)\) \equiv \(2 \times x + 2 \times 1\)
                                                   \equiv \(2x \times 2\]
? 

! LaTeX Error: Bad math environment delimiter.

See the LaTeX manual or LaTeX Companion for explanation.
Type  H <return>  for immediate help.
 ...                                              
                                                  
l.279 ...uiv \(2 \times x + 2 \times 1\) \equiv \(
                                                  2x \times 2\]
? 

Underfull \hbox (badness 10000) in paragraph at lines 279--284

 []


Underfull \hbox (badness 10000) in paragraph at lines 279--284

 []


! LaTeX Error: Bad math environment delimiter.

See the LaTeX manual or LaTeX Companion for explanation.
Type  H <return>  for immediate help.
 ...                                              
                                                  
l.284 \[(f \cdot g) x\)
                        \equiv \(f (g x)\) \equiv \(f(2 \times x)\) \equiv \...

? 

! LaTeX Error: Bad math environment delimiter.

See the LaTeX manual or LaTeX Companion for explanation.
Type  H <return>  for immediate help.
 ...                                              
                                                  
l.284 \[(f \cdot g) x\) \equiv \(
                                 f (g x)\) \equiv \(f(2 \times x)\) \equiv \...

? 

! LaTeX Error: Bad math environment delimiter.

See the LaTeX manual or LaTeX Companion for explanation.
Type  H <return>  for immediate help.
 ...                                              
                                                  
l.284 \[(f \cdot g) x\) \equiv \(f (g x)\)
                                           \equiv \(f(2 \times x)\) \equiv \...

? 

! LaTeX Error: Bad math environment delimiter.

See the LaTeX manual or LaTeX Companion for explanation.
Type  H <return>  for immediate help.
 ...                                              
                                                  
l.284 ...\cdot g) x\) \equiv \(f (g x)\) \equiv \(
                                                  f(2 \times x)\) \equiv \(s...

? 

! LaTeX Error: Bad math environment delimiter.

See the LaTeX manual or LaTeX Companion for explanation.
Type  H <return>  for immediate help.
 ...                                              
                                                  
l.284 ...quiv \(f (g x)\) \equiv \(f(2 \times x)\)
                                                   \equiv \(succ(2x)\) \equi...

? 

! LaTeX Error: Bad math environment delimiter.

See the LaTeX manual or LaTeX Companion for explanation.
Type  H <return>  for immediate help.
 ...                                              
                                                  
l.284 ...g x)\) \equiv \(f(2 \times x)\) \equiv \(
                                                  succ(2x)\) \equiv 2x + 1\]
? 

! LaTeX Error: Bad math environment delimiter.

See the LaTeX manual or LaTeX Companion for explanation.
Type  H <return>  for immediate help.
 ...                                              
                                                  
l.284 ...uiv \(f(2 \times x)\) \equiv \(succ(2x)\)
                                                   \equiv 2x + 1\]
? 

Underfull \hbox (badness 10000) in paragraph at lines 284--289

 []


Underfull \hbox (badness 10000) in paragraph at lines 284--289

 []

\openout3 = `ficha1.ptb'.

\openout3 = `ficha1.ptb'.

\openout3 = `ficha1.ptb'.

\openout3 = `ficha1.ptb'.

[2]
\openout3 = `ficha1.ptb'.

\openout3 = `ficha1.ptb'.

\openout3 = `ficha1.ptb'.

\openout3 = `ficha1.ptb'.

\openout3 = `ficha1.ptb'.

\openout3 = `ficha1.ptb'.

\openout3 = `ficha1.ptb'.

 [3] (./ficha1.aux) ) 
Here is how much of TeX's memory you used:
 1644 strings out of 492616
 20073 string characters out of 6135178
 94731 words of memory out of 5000000
 5558 multiletter control sequences out of 15000+600000
 13525 words of font info for 51 fonts, out of 8000000 for 9000
 1141 hyphenation exceptions out of 8191
 25i,7n,27p,192b,199s stack positions out of 5000i,500n,10000p,200000b,80000s
</usr/share/texmf-dist/fonts/type1/public/amsfonts/cm/cmbx
10.pfb></usr/share/texmf-dist/fonts/type1/public/amsfonts/cm/cmbx12.pfb></usr/s
hare/texmf-dist/fonts/type1/public/amsfonts/cm/cmbxti10.pfb></usr/share/texmf-d
ist/fonts/type1/public/amsfonts/cm/cmmi10.pfb></usr/share/texmf-dist/fonts/type
1/public/amsfonts/cm/cmr10.pfb></usr/share/texmf-dist/fonts/type1/public/amsfon
ts/cm/cmr12.pfb></usr/share/texmf-dist/fonts/type1/public/amsfonts/cm/cmr17.pfb
></usr/share/texmf-dist/fonts/type1/public/amsfonts/cm/cmsy10.pfb></usr/share/t
exmf-dist/fonts/type1/public/amsfonts/cm/cmti10.pfb>
Output written on ficha1.pdf (3 pages, 103153 bytes).
PDF statistics:
 50 PDF objects out of 1000 (max. 8388607)
 35 compressed objects within 1 object stream
 0 named destinations out of 1000 (max. 500000)
 1 words of extra memory for PDF output out of 10000 (max. 10000000)

